-------------------------------------------------------------------------------
Test set: com.ecommerce.productservice.controller.AdminProductControllerTest
-------------------------------------------------------------------------------
Tests run: 37, Failures: 2, Errors: 0, Skipped: 0, Time elapsed: 8.247 s <<< FAILURE! -- in com.ecommerce.productservice.controller.AdminProductControllerTest
com.ecommerce.productservice.controller.AdminProductControllerTest.whenRequestParameterValidation_invalidPageSize_thenReturn400 -- Time elapsed: 0.058 s <<< FAILURE!
java.lang.AssertionError: Status expected:<400> but was:<200>
	at org.springframework.test.util.AssertionErrors.fail(AssertionErrors.java:59)
	at org.springframework.test.util.AssertionErrors.assertEquals(AssertionErrors.java:122)
	at org.springframework.test.web.servlet.result.StatusResultMatchers.lambda$matcher$9(StatusResultMatchers.java:637)
	at org.springframework.test.web.servlet.MockMvc$1.andExpect(MockMvc.java:214)
	at com.ecommerce.productservice.controller.AdminProductControllerTest.whenRequestParameterValidation_invalidPageSize_thenReturn400(AdminProductControllerTest.java:505)
	at java.base/java.lang.reflect.Method.invoke(Method.java:580)
	at java.base/java.util.ArrayList.forEach(ArrayList.java:1596)
	at java.base/java.util.ArrayList.forEach(ArrayList.java:1596)

com.ecommerce.productservice.controller.AdminProductControllerTest.whenRequestParameterValidation_invalidPageNumber_thenReturn400 -- Time elapsed: 0.010 s <<< FAILURE!
java.lang.AssertionError: Status expected:<400> but was:<200>
	at org.springframework.test.util.AssertionErrors.fail(AssertionErrors.java:59)
	at org.springframework.test.util.AssertionErrors.assertEquals(AssertionErrors.java:122)
	at org.springframework.test.web.servlet.result.StatusResultMatchers.lambda$matcher$9(StatusResultMatchers.java:637)
	at org.springframework.test.web.servlet.MockMvc$1.andExpect(MockMvc.java:214)
	at com.ecommerce.productservice.controller.AdminProductControllerTest.whenRequestParameterValidation_invalidPageNumber_thenReturn400(AdminProductControllerTest.java:514)
	at java.base/java.lang.reflect.Method.invoke(Method.java:580)
	at java.base/java.util.ArrayList.forEach(ArrayList.java:1596)
	at java.base/java.util.ArrayList.forEach(ArrayList.java:1596)

