-------------------------------------------------------------------------------
Test set: com.ecommerce.userservice.security.JwtUtilTest
-------------------------------------------------------------------------------
Tests run: 23, Failures: 2, Errors: 0, Skipped: 0, Time elapsed: 0.200 s <<< FAILURE! -- in com.ecommerce.userservice.security.JwtUtilTest
com.ecommerce.userservice.security.JwtUtilTest.testValidateToken_NullToken -- Time elapsed: 0.004 s <<< FAILURE!
org.opentest4j.AssertionFailedError: Expected java.lang.NullPointerException to be thrown, but nothing was thrown.
	at org.junit.jupiter.api.AssertionFailureBuilder.build(AssertionFailureBuilder.java:152)
	at org.junit.jupiter.api.AssertThrows.assertThrows(AssertThrows.java:73)
	at org.junit.jupiter.api.AssertThrows.assertThrows(AssertThrows.java:35)
	at org.junit.jupiter.api.Assertions.assertThrows(Assertions.java:3115)
	at com.ecommerce.userservice.security.JwtUtilTest.testValidateToken_NullToken(JwtUtilTest.java:198)
	at java.base/java.lang.reflect.Method.invoke(Method.java:565)
	at java.base/java.util.ArrayList.forEach(ArrayList.java:1604)
	at java.base/java.util.ArrayList.forEach(ArrayList.java:1604)

com.ecommerce.userservice.security.JwtUtilTest.testMultipleTokensForSameUser -- Time elapsed: 0.003 s <<< FAILURE!
org.opentest4j.AssertionFailedError: expected: not equal but was: <eyJhbGciOiJIUzUxMiJ9.eyJmaXJzdE5hbWUiOiJKb2huIiwibGFzdE5hbWUiOiJEb2UiLCJyb2xlIjoiQ1VTVE9NRVIiLCJ1c2VySWQiOjEsImVtYWlsIjoidGVzdEBleGFtcGxlLmNvbSIsInN1YiI6InRlc3RAZXhhbXBsZS5jb20iLCJpYXQiOjE3NTk5OTczODksImV4cCI6MTc2MDAwMDk4OX0.JmUyYITIoMa9JkM0xWUan6f-HdIlqfBareDbDaR0xFilRHmK_EhkVmWp4ZTMA4ndEcg8CBCx_s0zi08qMWIbVw>
	at org.junit.jupiter.api.AssertionFailureBuilder.build(AssertionFailureBuilder.java:152)
	at org.junit.jupiter.api.AssertionFailureBuilder.buildAndThrow(AssertionFailureBuilder.java:132)
	at org.junit.jupiter.api.AssertNotEquals.failEqual(AssertNotEquals.java:277)
	at org.junit.jupiter.api.AssertNotEquals.assertNotEquals(AssertNotEquals.java:263)
	at org.junit.jupiter.api.AssertNotEquals.assertNotEquals(AssertNotEquals.java:258)
	at org.junit.jupiter.api.Assertions.assertNotEquals(Assertions.java:2819)
	at com.ecommerce.userservice.security.JwtUtilTest.testMultipleTokensForSameUser(JwtUtilTest.java:316)
	at java.base/java.lang.reflect.Method.invoke(Method.java:565)
	at java.base/java.util.ArrayList.forEach(ArrayList.java:1604)
	at java.base/java.util.ArrayList.forEach(ArrayList.java:1604)

