<?xml version="1.0" encoding="UTF-8"?>
<testsuite xmlns:xsi="http://www.w3.org/2001/XMLSchema-instance" xsi:noNamespaceSchemaLocation="https://maven.apache.org/surefire/maven-surefire-plugin/xsd/surefire-test-report-3.0.xsd" version="3.0" name="com.ecommerce.userservice.integration.AuthenticationIntegrationTest" time="2.963" tests="17" errors="0" skipped="0" failures="3">
  <properties>
[...]
</properties>
  <testcase name="testCompleteRegistrationAndLoginFlow" classname="com.ecommerce.userservice.integration.AuthenticationIntegrationTest" time="0.931">
    <system-out><![CDATA[2025-10-09T13:39:44.622+05:30  INFO 15952 --- [user-service] [           main] t.c.s.AnnotationConfigContextLoaderUtils : Could not detect default configuration classes for test class [com.ecommerce.userservice.integration.AuthenticationIntegrationTest]: AuthenticationIntegrationTest does not declare any static, non-private, non-final, nested classes annotated with @Configuration.
2025-10-09T13:39:44.661+05:30  INFO 15952 --- [user-service] [           main] .b.t.c.SpringBootTestContextBootstrapper : Found @SpringBootConfiguration com.ecommerce.userservice.UserServiceApplication for test class com.ecommerce.userservice.integration.AuthenticationIntegrationTest
2025-10-09T13:39:44.680+05:30 DEBUG 15952 --- [user-service] [           main] org.hibernate.SQL                        : 
    select
        u1_0.id,
        u1_0.address,
        u1_0.avatar,
        u1_0.created_at,
        u1_0.email,
        u1_0.first_name,
        u1_0.last_login,
        u1_0.last_name,
        u1_0.password,
        u1_0.phone_number,
        u1_0.role,
        u1_0.status,
        u1_0.updated_at,
        u1_0.username 
    from
        users u1_0
2025-10-09T13:39:44.779+05:30 DEBUG 15952 --- [user-service] [           main] org.hibernate.SQL                        : 
    insert 
    into
        users
        (address, avatar, created_at, email, first_name, last_login, last_name, password, phone_number, role, status, updated_at, username, id) 
    values
        (?, ?, ?, ?, ?, ?, ?, ?, ?, ?, ?, ?, ?, default)
2025-10-09T13:39:45.116+05:30 DEBUG 15952 --- [user-service] [           main] o.s.security.web.FilterChainProxy        : Securing POST /api/users/register
2025-10-09T13:39:45.133+05:30 DEBUG 15952 --- [user-service] [           main] o.s.s.w.a.AnonymousAuthenticationFilter  : Set SecurityContextHolder to anonymous SecurityContext
2025-10-09T13:39:45.137+05:30 DEBUG 15952 --- [user-service] [           main] o.s.security.web.FilterChainProxy        : Secured POST /api/users/register
2025-10-09T13:39:45.244+05:30  INFO 15952 --- [user-service] [           main] c.e.u.controller.UserController          : User registration request for email: newuser@example.com
2025-10-09T13:39:45.244+05:30  INFO 15952 --- [user-service] [           main] c.e.userservice.service.UserService      : Registering new user with email: newuser@example.com
2025-10-09T13:39:45.262+05:30 DEBUG 15952 --- [user-service] [           main] org.hibernate.SQL                        : 
    delete 
    from
        users 
    where
        id=?
2025-10-09T13:39:45.265+05:30 DEBUG 15952 --- [user-service] [           main] org.hibernate.SQL                        : 
    select
        u1_0.id 
    from
        users u1_0 
    where
        u1_0.email=? 
    fetch
        first ? rows only
2025-10-09T13:39:45.268+05:30 DEBUG 15952 --- [user-service] [           main] org.hibernate.SQL                        : 
    select
        u1_0.id 
    from
        users u1_0 
    where
        u1_0.username=? 
    fetch
        first ? rows only
2025-10-09T13:39:45.350+05:30 DEBUG 15952 --- [user-service] [           main] org.hibernate.SQL                        : 
    insert 
    into
        users
        (address, avatar, created_at, email, first_name, last_login, last_name, password, phone_number, role, status, updated_at, username, id) 
    values
        (?, ?, ?, ?, ?, ?, ?, ?, ?, ?, ?, ?, ?, default)
2025-10-09T13:39:45.351+05:30  INFO 15952 --- [user-service] [           main] c.e.userservice.service.UserService      : User registered successfully with ID: 20
2025-10-09T13:39:45.507+05:30 DEBUG 15952 --- [user-service] [           main] org.hibernate.SQL                        : 
    select
        u1_0.id 
    from
        users u1_0 
    where
        u1_0.email=? 
    fetch
        first ? rows only
2025-10-09T13:39:45.512+05:30 DEBUG 15952 --- [user-service] [           main] o.s.security.web.FilterChainProxy        : Securing POST /api/users/login
2025-10-09T13:39:45.512+05:30 DEBUG 15952 --- [user-service] [           main] o.s.s.w.a.AnonymousAuthenticationFilter  : Set SecurityContextHolder to anonymous SecurityContext
2025-10-09T13:39:45.512+05:30 DEBUG 15952 --- [user-service] [           main] o.s.security.web.FilterChainProxy        : Secured POST /api/users/login
2025-10-09T13:39:45.517+05:30  INFO 15952 --- [user-service] [           main] c.e.u.controller.UserController          : User login request for email: newuser@example.com
2025-10-09T13:39:45.517+05:30  INFO 15952 --- [user-service] [           main] c.e.userservice.service.UserService      : Login attempt for email: newuser@example.com
2025-10-09T13:39:45.519+05:30 DEBUG 15952 --- [user-service] [           main] org.hibernate.SQL                        : 
    select
        u1_0.id,
        u1_0.address,
        u1_0.avatar,
        u1_0.created_at,
        u1_0.email,
        u1_0.first_name,
        u1_0.last_login,
        u1_0.last_name,
        u1_0.password,
        u1_0.phone_number,
        u1_0.role,
        u1_0.status,
        u1_0.updated_at,
        u1_0.username 
    from
        users u1_0 
    where
        u1_0.email=?
2025-10-09T13:39:45.593+05:30  INFO 15952 --- [user-service] [           main] c.e.userservice.service.UserService      : Login successful for email: newuser@example.com
2025-10-09T13:39:45.596+05:30  INFO 15952 --- [user-service] [           main] c.e.u.controller.UserController          : JWT token generated for user: newuser@example.com
]]></system-out>
  </testcase>
  <testcase name="testGetUserByEmail" classname="com.ecommerce.userservice.integration.AuthenticationIntegrationTest" time="0.185">
    <system-out><![CDATA[2025-10-09T13:39:45.610+05:30 DEBUG 15952 --- [user-service] [           main] org.hibernate.SQL                        : 
    select
        u1_0.id,
        u1_0.address,
        u1_0.avatar,
        u1_0.created_at,
        u1_0.email,
        u1_0.first_name,
        u1_0.last_login,
        u1_0.last_name,
        u1_0.password,
        u1_0.phone_number,
        u1_0.role,
        u1_0.status,
        u1_0.updated_at,
        u1_0.username 
    from
        users u1_0
2025-10-09T13:39:45.683+05:30 DEBUG 15952 --- [user-service] [           main] org.hibernate.SQL                        : 
    insert 
    into
        users
        (address, avatar, created_at, email, first_name, last_login, last_name, password, phone_number, role, status, updated_at, username, id) 
    values
        (?, ?, ?, ?, ?, ?, ?, ?, ?, ?, ?, ?, ?, default)
2025-10-09T13:39:45.686+05:30 DEBUG 15952 --- [user-service] [           main] o.s.security.web.FilterChainProxy        : Securing GET /api/users/email/test@example.com
2025-10-09T13:39:45.747+05:30  INFO 15952 --- [user-service] [           main] c.e.u.security.JwtAuthenticationFilter   : Valid JWT token for user: test@example.com with role: CUSTOMER
2025-10-09T13:39:45.748+05:30 DEBUG 15952 --- [user-service] [           main] o.s.security.web.FilterChainProxy        : Secured GET /api/users/email/test@example.com
2025-10-09T13:39:45.756+05:30  INFO 15952 --- [user-service] [           main] c.e.u.controller.UserController          : Fetching user profile for email: test@example.com
2025-10-09T13:39:45.756+05:30  INFO 15952 --- [user-service] [           main] c.e.userservice.service.UserService      : Fetching user with email: test@example.com
2025-10-09T13:39:45.759+05:30 DEBUG 15952 --- [user-service] [           main] org.hibernate.SQL                        : 
    delete 
    from
        users 
    where
        id=?
2025-10-09T13:39:45.760+05:30 DEBUG 15952 --- [user-service] [           main] org.hibernate.SQL                        : 
    select
        u1_0.id,
        u1_0.address,
        u1_0.avatar,
        u1_0.created_at,
        u1_0.email,
        u1_0.first_name,
        u1_0.last_login,
        u1_0.last_name,
        u1_0.password,
        u1_0.phone_number,
        u1_0.role,
        u1_0.status,
        u1_0.updated_at,
        u1_0.username 
    from
        users u1_0 
    where
        u1_0.email=?
]]></system-out>
  </testcase>
  <testcase name="testLoginWithValidCredentials" classname="com.ecommerce.userservice.integration.AuthenticationIntegrationTest" time="0.216">
    <system-out><![CDATA[2025-10-09T13:39:45.795+05:30 DEBUG 15952 --- [user-service] [           main] org.hibernate.SQL                        : 
    select
        u1_0.id,
        u1_0.address,
        u1_0.avatar,
        u1_0.created_at,
        u1_0.email,
        u1_0.first_name,
        u1_0.last_login,
        u1_0.last_name,
        u1_0.password,
        u1_0.phone_number,
        u1_0.role,
        u1_0.status,
        u1_0.updated_at,
        u1_0.username 
    from
        users u1_0
2025-10-09T13:39:45.875+05:30 DEBUG 15952 --- [user-service] [           main] org.hibernate.SQL                        : 
    insert 
    into
        users
        (address, avatar, created_at, email, first_name, last_login, last_name, password, phone_number, role, status, updated_at, username, id) 
    values
        (?, ?, ?, ?, ?, ?, ?, ?, ?, ?, ?, ?, ?, default)
2025-10-09T13:39:45.879+05:30 DEBUG 15952 --- [user-service] [           main] o.s.security.web.FilterChainProxy        : Securing POST /api/users/login
2025-10-09T13:39:45.880+05:30 DEBUG 15952 --- [user-service] [           main] o.s.s.w.a.AnonymousAuthenticationFilter  : Set SecurityContextHolder to anonymous SecurityContext
2025-10-09T13:39:45.880+05:30 DEBUG 15952 --- [user-service] [           main] o.s.security.web.FilterChainProxy        : Secured POST /api/users/login
2025-10-09T13:39:45.883+05:30  INFO 15952 --- [user-service] [           main] c.e.u.controller.UserController          : User login request for email: test@example.com
2025-10-09T13:39:45.883+05:30  INFO 15952 --- [user-service] [           main] c.e.userservice.service.UserService      : Login attempt for email: test@example.com
2025-10-09T13:39:45.885+05:30 DEBUG 15952 --- [user-service] [           main] org.hibernate.SQL                        : 
    delete 
    from
        users 
    where
        id=?
2025-10-09T13:39:45.886+05:30 DEBUG 15952 --- [user-service] [           main] org.hibernate.SQL                        : 
    select
        u1_0.id,
        u1_0.address,
        u1_0.avatar,
        u1_0.created_at,
        u1_0.email,
        u1_0.first_name,
        u1_0.last_login,
        u1_0.last_name,
        u1_0.password,
        u1_0.phone_number,
        u1_0.role,
        u1_0.status,
        u1_0.updated_at,
        u1_0.username 
    from
        users u1_0 
    where
        u1_0.email=?
2025-10-09T13:39:45.971+05:30  INFO 15952 --- [user-service] [           main] c.e.userservice.service.UserService      : Login successful for email: test@example.com
2025-10-09T13:39:45.973+05:30  INFO 15952 --- [user-service] [           main] c.e.u.controller.UserController          : JWT token generated for user: test@example.com
]]></system-out>
  </testcase>
  <testcase name="testGetUserProfileWithInvalidToken" classname="com.ecommerce.userservice.integration.AuthenticationIntegrationTest" time="0.146">
    <failure message="Status expected:&lt;401&gt; but was:&lt;403&gt;" type="java.lang.AssertionError"><![CDATA[java.lang.AssertionError: Status expected:<401> but was:<403>
	at org.springframework.test.util.AssertionErrors.fail(AssertionErrors.java:59)
	at org.springframework.test.util.AssertionErrors.assertEquals(AssertionErrors.java:122)
	at org.springframework.test.web.servlet.result.StatusResultMatchers.lambda$matcher$9(StatusResultMatchers.java:637)
	at org.springframework.test.web.servlet.MockMvc$1.andExpect(MockMvc.java:214)
	at com.ecommerce.userservice.integration.AuthenticationIntegrationTest.testGetUserProfileWithInvalidToken(AuthenticationIntegrationTest.java:204)
	at java.base/java.lang.reflect.Method.invoke(Method.java:565)
	at java.base/java.util.ArrayList.forEach(ArrayList.java:1604)
	at java.base/java.util.ArrayList.forEach(ArrayList.java:1604)
]]></failure>
    <system-out><![CDATA[2025-10-09T13:39:46.019+05:30 DEBUG 15952 --- [user-service] [           main] org.hibernate.SQL                        : 
    select
        u1_0.id,
        u1_0.address,
        u1_0.avatar,
        u1_0.created_at,
        u1_0.email,
        u1_0.first_name,
        u1_0.last_login,
        u1_0.last_name,
        u1_0.password,
        u1_0.phone_number,
        u1_0.role,
        u1_0.status,
        u1_0.updated_at,
        u1_0.username 
    from
        users u1_0
2025-10-09T13:39:46.138+05:30 DEBUG 15952 --- [user-service] [           main] org.hibernate.SQL                        : 
    insert 
    into
        users
        (address, avatar, created_at, email, first_name, last_login, last_name, password, phone_number, role, status, updated_at, username, id) 
    values
        (?, ?, ?, ?, ?, ?, ?, ?, ?, ?, ?, ?, ?, default)
2025-10-09T13:39:46.144+05:30 DEBUG 15952 --- [user-service] [           main] o.s.security.web.FilterChainProxy        : Securing GET /api/users/23
2025-10-09T13:39:46.147+05:30 ERROR 15952 --- [user-service] [           main] c.e.userservice.security.JwtUtil         : Invalid JWT token: Malformed protected header JSON: Unable to deserialize: Unexpected character ('�' (code 65533 / 0xfffd)): expected a valid value (JSON String, Number, Array, Object or token 'null', 'true' or 'false')
 at [Source: (InputStreamReader); line: 1, column: 2]
2025-10-09T13:39:46.147+05:30 ERROR 15952 --- [user-service] [           main] c.e.userservice.security.JwtUtil         : Token validation failed: Malformed protected header JSON: Unable to deserialize: Unexpected character ('�' (code 65533 / 0xfffd)): expected a valid value (JSON String, Number, Array, Object or token 'null', 'true' or 'false')
 at [Source: (InputStreamReader); line: 1, column: 2]
2025-10-09T13:39:46.147+05:30  WARN 15952 --- [user-service] [           main] c.e.u.security.JwtAuthenticationFilter   : Invalid JWT token
2025-10-09T13:39:46.148+05:30 DEBUG 15952 --- [user-service] [           main] o.s.s.w.a.AnonymousAuthenticationFilter  : Set SecurityContextHolder to anonymous SecurityContext
2025-10-09T13:39:46.150+05:30 DEBUG 15952 --- [user-service] [           main] o.s.s.w.a.Http403ForbiddenEntryPoint     : Pre-authenticated entry point called. Rejecting access

MockHttpServletRequest:
      HTTP Method = GET
      Request URI = /api/users/23
       Parameters = {}
          Headers = [Authorization:"Bearer invalid.token.here"]
             Body = null
    Session Attrs = {}

Handler:
             Type = null

Async:
    Async started = false
     Async result = null

Resolved Exception:
             Type = null

ModelAndView:
        View name = null
             View = null
            Model = null

FlashMap:
       Attributes = null

MockHttpServletResponse:
           Status = 403
    Error message = Access Denied
          Headers = [Vary:"Origin", "Access-Control-Request-Method", "Access-Control-Request-Headers", X-Content-Type-Options:"nosniff", X-XSS-Protection:"0", Cache-Control:"no-cache, no-store, max-age=0, must-revalidate", Pragma:"no-cache", Expires:"0", X-Frame-Options:"DENY"]
     Content type = null
             Body = 
    Forwarded URL = null
   Redirected URL = null
          Cookies = []
]]></system-out>
  </testcase>
  <testcase name="testLoginWithInvalidPassword" classname="com.ecommerce.userservice.integration.AuthenticationIntegrationTest" time="0.168">
    <system-out><![CDATA[2025-10-09T13:39:46.164+05:30 DEBUG 15952 --- [user-service] [           main] org.hibernate.SQL                        : 
    select
        u1_0.id,
        u1_0.address,
        u1_0.avatar,
        u1_0.created_at,
        u1_0.email,
        u1_0.first_name,
        u1_0.last_login,
        u1_0.last_name,
        u1_0.password,
        u1_0.phone_number,
        u1_0.role,
        u1_0.status,
        u1_0.updated_at,
        u1_0.username 
    from
        users u1_0
2025-10-09T13:39:46.244+05:30 DEBUG 15952 --- [user-service] [           main] org.hibernate.SQL                        : 
    insert 
    into
        users
        (address, avatar, created_at, email, first_name, last_login, last_name, password, phone_number, role, status, updated_at, username, id) 
    values
        (?, ?, ?, ?, ?, ?, ?, ?, ?, ?, ?, ?, ?, default)
2025-10-09T13:39:46.248+05:30 DEBUG 15952 --- [user-service] [           main] o.s.security.web.FilterChainProxy        : Securing POST /api/users/login
2025-10-09T13:39:46.249+05:30 DEBUG 15952 --- [user-service] [           main] o.s.s.w.a.AnonymousAuthenticationFilter  : Set SecurityContextHolder to anonymous SecurityContext
2025-10-09T13:39:46.249+05:30 DEBUG 15952 --- [user-service] [           main] o.s.security.web.FilterChainProxy        : Secured POST /api/users/login
2025-10-09T13:39:46.249+05:30  INFO 15952 --- [user-service] [           main] c.e.u.controller.UserController          : User login request for email: test@example.com
2025-10-09T13:39:46.251+05:30  INFO 15952 --- [user-service] [           main] c.e.userservice.service.UserService      : Login attempt for email: test@example.com
2025-10-09T13:39:46.252+05:30 DEBUG 15952 --- [user-service] [           main] org.hibernate.SQL                        : 
    delete 
    from
        users 
    where
        id=?
2025-10-09T13:39:46.252+05:30 DEBUG 15952 --- [user-service] [           main] org.hibernate.SQL                        : 
    select
        u1_0.id,
        u1_0.address,
        u1_0.avatar,
        u1_0.created_at,
        u1_0.email,
        u1_0.first_name,
        u1_0.last_login,
        u1_0.last_name,
        u1_0.password,
        u1_0.phone_number,
        u1_0.role,
        u1_0.status,
        u1_0.updated_at,
        u1_0.username 
    from
        users u1_0 
    where
        u1_0.email=?
2025-10-09T13:39:46.322+05:30  WARN 15952 --- [user-service] [           main] c.e.userservice.service.UserService      : Login failed: Invalid password for email: test@example.com
]]></system-out>
  </testcase>
  <testcase name="testLoginWithBlockedUser" classname="com.ecommerce.userservice.integration.AuthenticationIntegrationTest" time="0.101">
    <system-out><![CDATA[2025-10-09T13:39:46.332+05:30 DEBUG 15952 --- [user-service] [           main] org.hibernate.SQL                        : 
    select
        u1_0.id,
        u1_0.address,
        u1_0.avatar,
        u1_0.created_at,
        u1_0.email,
        u1_0.first_name,
        u1_0.last_login,
        u1_0.last_name,
        u1_0.password,
        u1_0.phone_number,
        u1_0.role,
        u1_0.status,
        u1_0.updated_at,
        u1_0.username 
    from
        users u1_0
2025-10-09T13:39:46.402+05:30 DEBUG 15952 --- [user-service] [           main] org.hibernate.SQL                        : 
    insert 
    into
        users
        (address, avatar, created_at, email, first_name, last_login, last_name, password, phone_number, role, status, updated_at, username, id) 
    values
        (?, ?, ?, ?, ?, ?, ?, ?, ?, ?, ?, ?, ?, default)
2025-10-09T13:39:46.405+05:30 DEBUG 15952 --- [user-service] [           main] o.s.security.web.FilterChainProxy        : Securing POST /api/users/login
2025-10-09T13:39:46.405+05:30 DEBUG 15952 --- [user-service] [           main] o.s.s.w.a.AnonymousAuthenticationFilter  : Set SecurityContextHolder to anonymous SecurityContext
2025-10-09T13:39:46.405+05:30 DEBUG 15952 --- [user-service] [           main] o.s.security.web.FilterChainProxy        : Secured POST /api/users/login
2025-10-09T13:39:46.406+05:30  INFO 15952 --- [user-service] [           main] c.e.u.controller.UserController          : User login request for email: test@example.com
2025-10-09T13:39:46.406+05:30  INFO 15952 --- [user-service] [           main] c.e.userservice.service.UserService      : Login attempt for email: test@example.com
2025-10-09T13:39:46.417+05:30 DEBUG 15952 --- [user-service] [           main] org.hibernate.SQL                        : 
    update
        users 
    set
        address=?,
        avatar=?,
        email=?,
        first_name=?,
        last_login=?,
        last_name=?,
        password=?,
        phone_number=?,
        role=?,
        status=?,
        updated_at=?,
        username=? 
    where
        id=?
2025-10-09T13:39:46.423+05:30 DEBUG 15952 --- [user-service] [           main] org.hibernate.SQL                        : 
    delete 
    from
        users 
    where
        id=?
2025-10-09T13:39:46.424+05:30 DEBUG 15952 --- [user-service] [           main] org.hibernate.SQL                        : 
    select
        u1_0.id,
        u1_0.address,
        u1_0.avatar,
        u1_0.created_at,
        u1_0.email,
        u1_0.first_name,
        u1_0.last_login,
        u1_0.last_name,
        u1_0.password,
        u1_0.phone_number,
        u1_0.role,
        u1_0.status,
        u1_0.updated_at,
        u1_0.username 
    from
        users u1_0 
    where
        u1_0.email=?
2025-10-09T13:39:46.425+05:30  WARN 15952 --- [user-service] [           main] c.e.userservice.service.UserService      : Login failed: User account is not active: test@example.com
]]></system-out>
  </testcase>
  <testcase name="testRegisterWithDuplicateEmail" classname="com.ecommerce.userservice.integration.AuthenticationIntegrationTest" time="0.093">
    <system-out><![CDATA[2025-10-09T13:39:46.434+05:30 DEBUG 15952 --- [user-service] [           main] org.hibernate.SQL                        : 
    select
        u1_0.id,
        u1_0.address,
        u1_0.avatar,
        u1_0.created_at,
        u1_0.email,
        u1_0.first_name,
        u1_0.last_login,
        u1_0.last_name,
        u1_0.password,
        u1_0.phone_number,
        u1_0.role,
        u1_0.status,
        u1_0.updated_at,
        u1_0.username 
    from
        users u1_0
2025-10-09T13:39:46.507+05:30 DEBUG 15952 --- [user-service] [           main] org.hibernate.SQL                        : 
    insert 
    into
        users
        (address, avatar, created_at, email, first_name, last_login, last_name, password, phone_number, role, status, updated_at, username, id) 
    values
        (?, ?, ?, ?, ?, ?, ?, ?, ?, ?, ?, ?, ?, default)
2025-10-09T13:39:46.510+05:30 DEBUG 15952 --- [user-service] [           main] o.s.security.web.FilterChainProxy        : Securing POST /api/users/register
2025-10-09T13:39:46.510+05:30 DEBUG 15952 --- [user-service] [           main] o.s.s.w.a.AnonymousAuthenticationFilter  : Set SecurityContextHolder to anonymous SecurityContext
2025-10-09T13:39:46.510+05:30 DEBUG 15952 --- [user-service] [           main] o.s.security.web.FilterChainProxy        : Secured POST /api/users/register
2025-10-09T13:39:46.511+05:30  INFO 15952 --- [user-service] [           main] c.e.u.controller.UserController          : User registration request for email: test@example.com
2025-10-09T13:39:46.511+05:30  INFO 15952 --- [user-service] [           main] c.e.userservice.service.UserService      : Registering new user with email: test@example.com
2025-10-09T13:39:46.513+05:30 DEBUG 15952 --- [user-service] [           main] org.hibernate.SQL                        : 
    delete 
    from
        users 
    where
        id=?
2025-10-09T13:39:46.513+05:30 DEBUG 15952 --- [user-service] [           main] org.hibernate.SQL                        : 
    select
        u1_0.id 
    from
        users u1_0 
    where
        u1_0.email=? 
    fetch
        first ? rows only
2025-10-09T13:39:46.515+05:30 ERROR 15952 --- [user-service] [           main] c.e.u.controller.UserController          : Error registering user: Email already exists: test@example.com
]]></system-out>
  </testcase>
  <testcase name="testGetUserProfileWithValidToken" classname="com.ecommerce.userservice.integration.AuthenticationIntegrationTest" time="0.093">
    <system-out><![CDATA[2025-10-09T13:39:46.528+05:30 DEBUG 15952 --- [user-service] [           main] org.hibernate.SQL                        : 
    select
        u1_0.id,
        u1_0.address,
        u1_0.avatar,
        u1_0.created_at,
        u1_0.email,
        u1_0.first_name,
        u1_0.last_login,
        u1_0.last_name,
        u1_0.password,
        u1_0.phone_number,
        u1_0.role,
        u1_0.status,
        u1_0.updated_at,
        u1_0.username 
    from
        users u1_0
2025-10-09T13:39:46.599+05:30 DEBUG 15952 --- [user-service] [           main] org.hibernate.SQL                        : 
    insert 
    into
        users
        (address, avatar, created_at, email, first_name, last_login, last_name, password, phone_number, role, status, updated_at, username, id) 
    values
        (?, ?, ?, ?, ?, ?, ?, ?, ?, ?, ?, ?, ?, default)
2025-10-09T13:39:46.602+05:30 DEBUG 15952 --- [user-service] [           main] o.s.security.web.FilterChainProxy        : Securing GET /api/users/27
2025-10-09T13:39:46.605+05:30  INFO 15952 --- [user-service] [           main] c.e.u.security.JwtAuthenticationFilter   : Valid JWT token for user: test@example.com with role: CUSTOMER
2025-10-09T13:39:46.606+05:30 DEBUG 15952 --- [user-service] [           main] o.s.security.web.FilterChainProxy        : Secured GET /api/users/27
2025-10-09T13:39:46.607+05:30  INFO 15952 --- [user-service] [           main] c.e.u.controller.UserController          : Fetching user profile for ID: 27
2025-10-09T13:39:46.608+05:30  INFO 15952 --- [user-service] [           main] c.e.userservice.service.UserService      : Fetching user with ID: 27
]]></system-out>
  </testcase>
  <testcase name="testUpdateUserProfileWithValidToken" classname="com.ecommerce.userservice.integration.AuthenticationIntegrationTest" time="0.11">
    <system-out><![CDATA[2025-10-09T13:39:46.621+05:30 DEBUG 15952 --- [user-service] [           main] org.hibernate.SQL                        : 
    select
        u1_0.id,
        u1_0.address,
        u1_0.avatar,
        u1_0.created_at,
        u1_0.email,
        u1_0.first_name,
        u1_0.last_login,
        u1_0.last_name,
        u1_0.password,
        u1_0.phone_number,
        u1_0.role,
        u1_0.status,
        u1_0.updated_at,
        u1_0.username 
    from
        users u1_0
2025-10-09T13:39:46.696+05:30 DEBUG 15952 --- [user-service] [           main] org.hibernate.SQL                        : 
    insert 
    into
        users
        (address, avatar, created_at, email, first_name, last_login, last_name, password, phone_number, role, status, updated_at, username, id) 
    values
        (?, ?, ?, ?, ?, ?, ?, ?, ?, ?, ?, ?, ?, default)
2025-10-09T13:39:46.703+05:30 DEBUG 15952 --- [user-service] [           main] o.s.security.web.FilterChainProxy        : Securing PUT /api/users/28
2025-10-09T13:39:46.707+05:30  INFO 15952 --- [user-service] [           main] c.e.u.security.JwtAuthenticationFilter   : Valid JWT token for user: test@example.com with role: CUSTOMER
2025-10-09T13:39:46.707+05:30 DEBUG 15952 --- [user-service] [           main] o.s.security.web.FilterChainProxy        : Secured PUT /api/users/28
2025-10-09T13:39:46.719+05:30  INFO 15952 --- [user-service] [           main] c.e.u.controller.UserController          : Updating user profile for ID: 28
2025-10-09T13:39:46.720+05:30  INFO 15952 --- [user-service] [           main] c.e.userservice.service.UserService      : Updating user with ID: 28
2025-10-09T13:39:46.721+05:30  INFO 15952 --- [user-service] [           main] c.e.userservice.service.UserService      : User updated successfully with ID: 28
]]></system-out>
  </testcase>
  <testcase name="testJwtTokenContainsCorrectClaims" classname="com.ecommerce.userservice.integration.AuthenticationIntegrationTest" time="0.089">
    <system-out><![CDATA[2025-10-09T13:39:46.733+05:30 DEBUG 15952 --- [user-service] [           main] org.hibernate.SQL                        : 
    select
        u1_0.id,
        u1_0.address,
        u1_0.avatar,
        u1_0.created_at,
        u1_0.email,
        u1_0.first_name,
        u1_0.last_login,
        u1_0.last_name,
        u1_0.password,
        u1_0.phone_number,
        u1_0.role,
        u1_0.status,
        u1_0.updated_at,
        u1_0.username 
    from
        users u1_0
2025-10-09T13:39:46.810+05:30 DEBUG 15952 --- [user-service] [           main] org.hibernate.SQL                        : 
    insert 
    into
        users
        (address, avatar, created_at, email, first_name, last_login, last_name, password, phone_number, role, status, updated_at, username, id) 
    values
        (?, ?, ?, ?, ?, ?, ?, ?, ?, ?, ?, ?, ?, default)
]]></system-out>
  </testcase>
  <testcase name="testPasswordIsEncoded" classname="com.ecommerce.userservice.integration.AuthenticationIntegrationTest" time="0.15">
    <system-out><![CDATA[2025-10-09T13:39:46.824+05:30 DEBUG 15952 --- [user-service] [           main] org.hibernate.SQL                        : 
    select
        u1_0.id,
        u1_0.address,
        u1_0.avatar,
        u1_0.created_at,
        u1_0.email,
        u1_0.first_name,
        u1_0.last_login,
        u1_0.last_name,
        u1_0.password,
        u1_0.phone_number,
        u1_0.role,
        u1_0.status,
        u1_0.updated_at,
        u1_0.username 
    from
        users u1_0
2025-10-09T13:39:46.896+05:30 DEBUG 15952 --- [user-service] [           main] org.hibernate.SQL                        : 
    insert 
    into
        users
        (address, avatar, created_at, email, first_name, last_login, last_name, password, phone_number, role, status, updated_at, username, id) 
    values
        (?, ?, ?, ?, ?, ?, ?, ?, ?, ?, ?, ?, ?, default)
2025-10-09T13:39:46.899+05:30 DEBUG 15952 --- [user-service] [           main] org.hibernate.SQL                        : 
    delete 
    from
        users 
    where
        id=?
2025-10-09T13:39:46.901+05:30 DEBUG 15952 --- [user-service] [           main] org.hibernate.SQL                        : 
    select
        u1_0.id,
        u1_0.address,
        u1_0.avatar,
        u1_0.created_at,
        u1_0.email,
        u1_0.first_name,
        u1_0.last_login,
        u1_0.last_name,
        u1_0.password,
        u1_0.phone_number,
        u1_0.role,
        u1_0.status,
        u1_0.updated_at,
        u1_0.username 
    from
        users u1_0 
    where
        u1_0.email=?
]]></system-out>
  </testcase>
  <testcase name="testRegisterWithDuplicateUsername" classname="com.ecommerce.userservice.integration.AuthenticationIntegrationTest" time="0.085">
    <system-out><![CDATA[2025-10-09T13:39:46.975+05:30 DEBUG 15952 --- [user-service] [           main] org.hibernate.SQL                        : 
    select
        u1_0.id,
        u1_0.address,
        u1_0.avatar,
        u1_0.created_at,
        u1_0.email,
        u1_0.first_name,
        u1_0.last_login,
        u1_0.last_name,
        u1_0.password,
        u1_0.phone_number,
        u1_0.role,
        u1_0.status,
        u1_0.updated_at,
        u1_0.username 
    from
        users u1_0
2025-10-09T13:39:47.045+05:30 DEBUG 15952 --- [user-service] [           main] org.hibernate.SQL                        : 
    insert 
    into
        users
        (address, avatar, created_at, email, first_name, last_login, last_name, password, phone_number, role, status, updated_at, username, id) 
    values
        (?, ?, ?, ?, ?, ?, ?, ?, ?, ?, ?, ?, ?, default)
2025-10-09T13:39:47.047+05:30 DEBUG 15952 --- [user-service] [           main] o.s.security.web.FilterChainProxy        : Securing POST /api/users/register
2025-10-09T13:39:47.048+05:30 DEBUG 15952 --- [user-service] [           main] o.s.s.w.a.AnonymousAuthenticationFilter  : Set SecurityContextHolder to anonymous SecurityContext
2025-10-09T13:39:47.048+05:30 DEBUG 15952 --- [user-service] [           main] o.s.security.web.FilterChainProxy        : Secured POST /api/users/register
2025-10-09T13:39:47.049+05:30  INFO 15952 --- [user-service] [           main] c.e.u.controller.UserController          : User registration request for email: different@example.com
2025-10-09T13:39:47.049+05:30  INFO 15952 --- [user-service] [           main] c.e.userservice.service.UserService      : Registering new user with email: different@example.com
2025-10-09T13:39:47.051+05:30 DEBUG 15952 --- [user-service] [           main] org.hibernate.SQL                        : 
    delete 
    from
        users 
    where
        id=?
2025-10-09T13:39:47.051+05:30 DEBUG 15952 --- [user-service] [           main] org.hibernate.SQL                        : 
    select
        u1_0.id 
    from
        users u1_0 
    where
        u1_0.email=? 
    fetch
        first ? rows only
2025-10-09T13:39:47.053+05:30 DEBUG 15952 --- [user-service] [           main] org.hibernate.SQL                        : 
    select
        u1_0.id 
    from
        users u1_0 
    where
        u1_0.username=? 
    fetch
        first ? rows only
2025-10-09T13:39:47.053+05:30 ERROR 15952 --- [user-service] [           main] c.e.u.controller.UserController          : Error registering user: Username already exists: testuser
]]></system-out>
  </testcase>
  <testcase name="testJwtTokenExpiration" classname="com.ecommerce.userservice.integration.AuthenticationIntegrationTest" time="0.094">
    <system-out><![CDATA[2025-10-09T13:39:47.061+05:30 DEBUG 15952 --- [user-service] [           main] org.hibernate.SQL                        : 
    select
        u1_0.id,
        u1_0.address,
        u1_0.avatar,
        u1_0.created_at,
        u1_0.email,
        u1_0.first_name,
        u1_0.last_login,
        u1_0.last_name,
        u1_0.password,
        u1_0.phone_number,
        u1_0.role,
        u1_0.status,
        u1_0.updated_at,
        u1_0.username 
    from
        users u1_0
2025-10-09T13:39:47.144+05:30 DEBUG 15952 --- [user-service] [           main] org.hibernate.SQL                        : 
    insert 
    into
        users
        (address, avatar, created_at, email, first_name, last_login, last_name, password, phone_number, role, status, updated_at, username, id) 
    values
        (?, ?, ?, ?, ?, ?, ?, ?, ?, ?, ?, ?, ?, default)
]]></system-out>
  </testcase>
  <testcase name="testLoginWithNonExistentUser" classname="com.ecommerce.userservice.integration.AuthenticationIntegrationTest" time="0.097">
    <system-out><![CDATA[2025-10-09T13:39:47.158+05:30 DEBUG 15952 --- [user-service] [           main] org.hibernate.SQL                        : 
    select
        u1_0.id,
        u1_0.address,
        u1_0.avatar,
        u1_0.created_at,
        u1_0.email,
        u1_0.first_name,
        u1_0.last_login,
        u1_0.last_name,
        u1_0.password,
        u1_0.phone_number,
        u1_0.role,
        u1_0.status,
        u1_0.updated_at,
        u1_0.username 
    from
        users u1_0
2025-10-09T13:39:47.236+05:30 DEBUG 15952 --- [user-service] [           main] org.hibernate.SQL                        : 
    insert 
    into
        users
        (address, avatar, created_at, email, first_name, last_login, last_name, password, phone_number, role, status, updated_at, username, id) 
    values
        (?, ?, ?, ?, ?, ?, ?, ?, ?, ?, ?, ?, ?, default)
2025-10-09T13:39:47.239+05:30 DEBUG 15952 --- [user-service] [           main] o.s.security.web.FilterChainProxy        : Securing POST /api/users/login
2025-10-09T13:39:47.241+05:30 DEBUG 15952 --- [user-service] [           main] o.s.s.w.a.AnonymousAuthenticationFilter  : Set SecurityContextHolder to anonymous SecurityContext
2025-10-09T13:39:47.241+05:30 DEBUG 15952 --- [user-service] [           main] o.s.security.web.FilterChainProxy        : Secured POST /api/users/login
2025-10-09T13:39:47.242+05:30  INFO 15952 --- [user-service] [           main] c.e.u.controller.UserController          : User login request for email: nonexistent@example.com
2025-10-09T13:39:47.242+05:30  INFO 15952 --- [user-service] [           main] c.e.userservice.service.UserService      : Login attempt for email: nonexistent@example.com
2025-10-09T13:39:47.244+05:30 DEBUG 15952 --- [user-service] [           main] org.hibernate.SQL                        : 
    delete 
    from
        users 
    where
        id=?
2025-10-09T13:39:47.245+05:30 DEBUG 15952 --- [user-service] [           main] org.hibernate.SQL                        : 
    select
        u1_0.id,
        u1_0.address,
        u1_0.avatar,
        u1_0.created_at,
        u1_0.email,
        u1_0.first_name,
        u1_0.last_login,
        u1_0.last_name,
        u1_0.password,
        u1_0.phone_number,
        u1_0.role,
        u1_0.status,
        u1_0.updated_at,
        u1_0.username 
    from
        users u1_0 
    where
        u1_0.email=?
2025-10-09T13:39:47.246+05:30  WARN 15952 --- [user-service] [           main] c.e.userservice.service.UserService      : Login failed: User not found with email: nonexistent@example.com
]]></system-out>
  </testcase>
  <testcase name="testJwtTokenValidation" classname="com.ecommerce.userservice.integration.AuthenticationIntegrationTest" time="0.087">
    <system-out><![CDATA[2025-10-09T13:39:47.256+05:30 DEBUG 15952 --- [user-service] [           main] org.hibernate.SQL                        : 
    select
        u1_0.id,
        u1_0.address,
        u1_0.avatar,
        u1_0.created_at,
        u1_0.email,
        u1_0.first_name,
        u1_0.last_login,
        u1_0.last_name,
        u1_0.password,
        u1_0.phone_number,
        u1_0.role,
        u1_0.status,
        u1_0.updated_at,
        u1_0.username 
    from
        users u1_0
2025-10-09T13:39:47.333+05:30 DEBUG 15952 --- [user-service] [           main] org.hibernate.SQL                        : 
    insert 
    into
        users
        (address, avatar, created_at, email, first_name, last_login, last_name, password, phone_number, role, status, updated_at, username, id) 
    values
        (?, ?, ?, ?, ?, ?, ?, ?, ?, ?, ?, ?, ?, default)
]]></system-out>
  </testcase>
  <testcase name="testGetUserProfileWithoutToken" classname="com.ecommerce.userservice.integration.AuthenticationIntegrationTest" time="0.081">
    <failure message="Status expected:&lt;401&gt; but was:&lt;403&gt;" type="java.lang.AssertionError"><![CDATA[java.lang.AssertionError: Status expected:<401> but was:<403>
	at org.springframework.test.util.AssertionErrors.fail(AssertionErrors.java:59)
	at org.springframework.test.util.AssertionErrors.assertEquals(AssertionErrors.java:122)
	at org.springframework.test.web.servlet.result.StatusResultMatchers.lambda$matcher$9(StatusResultMatchers.java:637)
	at org.springframework.test.web.servlet.MockMvc$1.andExpect(MockMvc.java:214)
	at com.ecommerce.userservice.integration.AuthenticationIntegrationTest.testGetUserProfileWithoutToken(AuthenticationIntegrationTest.java:197)
	at java.base/java.lang.reflect.Method.invoke(Method.java:565)
	at java.base/java.util.ArrayList.forEach(ArrayList.java:1604)
	at java.base/java.util.ArrayList.forEach(ArrayList.java:1604)
]]></failure>
    <system-out><![CDATA[2025-10-09T13:39:47.346+05:30 DEBUG 15952 --- [user-service] [           main] org.hibernate.SQL                        : 
    select
        u1_0.id,
        u1_0.address,
        u1_0.avatar,
        u1_0.created_at,
        u1_0.email,
        u1_0.first_name,
        u1_0.last_login,
        u1_0.last_name,
        u1_0.password,
        u1_0.phone_number,
        u1_0.role,
        u1_0.status,
        u1_0.updated_at,
        u1_0.username 
    from
        users u1_0
2025-10-09T13:39:47.416+05:30 DEBUG 15952 --- [user-service] [           main] org.hibernate.SQL                        : 
    insert 
    into
        users
        (address, avatar, created_at, email, first_name, last_login, last_name, password, phone_number, role, status, updated_at, username, id) 
    values
        (?, ?, ?, ?, ?, ?, ?, ?, ?, ?, ?, ?, ?, default)
2025-10-09T13:39:47.418+05:30 DEBUG 15952 --- [user-service] [           main] o.s.security.web.FilterChainProxy        : Securing GET /api/users/35
2025-10-09T13:39:47.420+05:30 DEBUG 15952 --- [user-service] [           main] o.s.s.w.a.AnonymousAuthenticationFilter  : Set SecurityContextHolder to anonymous SecurityContext
2025-10-09T13:39:47.420+05:30 DEBUG 15952 --- [user-service] [           main] o.s.s.w.a.Http403ForbiddenEntryPoint     : Pre-authenticated entry point called. Rejecting access

MockHttpServletRequest:
      HTTP Method = GET
      Request URI = /api/users/35
       Parameters = {}
          Headers = []
             Body = null
    Session Attrs = {}

Handler:
             Type = null

Async:
    Async started = false
     Async result = null

Resolved Exception:
             Type = null

ModelAndView:
        View name = null
             View = null
            Model = null

FlashMap:
       Attributes = null

MockHttpServletResponse:
           Status = 403
    Error message = Access Denied
          Headers = [Vary:"Origin", "Access-Control-Request-Method", "Access-Control-Request-Headers", X-Content-Type-Options:"nosniff", X-XSS-Protection:"0", Cache-Control:"no-cache, no-store, max-age=0, must-revalidate", Pragma:"no-cache", Expires:"0", X-Frame-Options:"DENY"]
     Content type = null
             Body = 
    Forwarded URL = null
   Redirected URL = null
          Cookies = []
]]></system-out>
  </testcase>
  <testcase name="testRegisterWithoutLastName" classname="com.ecommerce.userservice.integration.AuthenticationIntegrationTest" time="0.154">
    <failure message="expected: &lt;User&gt; but was: &lt;null&gt;" type="org.opentest4j.AssertionFailedError"><![CDATA[org.opentest4j.AssertionFailedError: expected: <User> but was: <null>
	at org.junit.jupiter.api.AssertionFailureBuilder.build(AssertionFailureBuilder.java:151)
	at org.junit.jupiter.api.AssertionFailureBuilder.buildAndThrow(AssertionFailureBuilder.java:132)
	at org.junit.jupiter.api.AssertEquals.failNotEqual(AssertEquals.java:197)
	at org.junit.jupiter.api.AssertEquals.assertEquals(AssertEquals.java:182)
	at org.junit.jupiter.api.AssertEquals.assertEquals(AssertEquals.java:177)
	at org.junit.jupiter.api.Assertions.assertEquals(Assertions.java:1145)
	at com.ecommerce.userservice.integration.AuthenticationIntegrationTest.testRegisterWithoutLastName(AuthenticationIntegrationTest.java:282)
	at java.base/java.lang.reflect.Method.invoke(Method.java:565)
	at java.base/java.util.ArrayList.forEach(ArrayList.java:1604)
	at java.base/java.util.ArrayList.forEach(ArrayList.java:1604)
]]></failure>
    <system-out><![CDATA[2025-10-09T13:39:47.427+05:30 DEBUG 15952 --- [user-service] [           main] org.hibernate.SQL                        : 
    select
        u1_0.id,
        u1_0.address,
        u1_0.avatar,
        u1_0.created_at,
        u1_0.email,
        u1_0.first_name,
        u1_0.last_login,
        u1_0.last_name,
        u1_0.password,
        u1_0.phone_number,
        u1_0.role,
        u1_0.status,
        u1_0.updated_at,
        u1_0.username 
    from
        users u1_0
2025-10-09T13:39:47.496+05:30 DEBUG 15952 --- [user-service] [           main] org.hibernate.SQL                        : 
    insert 
    into
        users
        (address, avatar, created_at, email, first_name, last_login, last_name, password, phone_number, role, status, updated_at, username, id) 
    values
        (?, ?, ?, ?, ?, ?, ?, ?, ?, ?, ?, ?, ?, default)
2025-10-09T13:39:47.498+05:30 DEBUG 15952 --- [user-service] [           main] o.s.security.web.FilterChainProxy        : Securing POST /api/users/register
2025-10-09T13:39:47.499+05:30 DEBUG 15952 --- [user-service] [           main] o.s.s.w.a.AnonymousAuthenticationFilter  : Set SecurityContextHolder to anonymous SecurityContext
2025-10-09T13:39:47.499+05:30 DEBUG 15952 --- [user-service] [           main] o.s.security.web.FilterChainProxy        : Secured POST /api/users/register
2025-10-09T13:39:47.500+05:30  INFO 15952 --- [user-service] [           main] c.e.u.controller.UserController          : User registration request for email: noname@example.com
2025-10-09T13:39:47.500+05:30  INFO 15952 --- [user-service] [           main] c.e.userservice.service.UserService      : Registering new user with email: noname@example.com
2025-10-09T13:39:47.501+05:30 DEBUG 15952 --- [user-service] [           main] org.hibernate.SQL                        : 
    delete 
    from
        users 
    where
        id=?
2025-10-09T13:39:47.502+05:30 DEBUG 15952 --- [user-service] [           main] org.hibernate.SQL                        : 
    select
        u1_0.id 
    from
        users u1_0 
    where
        u1_0.email=? 
    fetch
        first ? rows only
2025-10-09T13:39:47.503+05:30 DEBUG 15952 --- [user-service] [           main] org.hibernate.SQL                        : 
    select
        u1_0.id 
    from
        users u1_0 
    where
        u1_0.username=? 
    fetch
        first ? rows only
2025-10-09T13:39:47.569+05:30 DEBUG 15952 --- [user-service] [           main] org.hibernate.SQL                        : 
    insert 
    into
        users
        (address, avatar, created_at, email, first_name, last_login, last_name, password, phone_number, role, status, updated_at, username, id) 
    values
        (?, ?, ?, ?, ?, ?, ?, ?, ?, ?, ?, ?, ?, default)
2025-10-09T13:39:47.569+05:30  INFO 15952 --- [user-service] [           main] c.e.userservice.service.UserService      : User registered successfully with ID: 37
2025-10-09T13:39:47.572+05:30 DEBUG 15952 --- [user-service] [           main] org.hibernate.SQL                        : 
    select
        u1_0.id,
        u1_0.address,
        u1_0.avatar,
        u1_0.created_at,
        u1_0.email,
        u1_0.first_name,
        u1_0.last_login,
        u1_0.last_name,
        u1_0.password,
        u1_0.phone_number,
        u1_0.role,
        u1_0.status,
        u1_0.updated_at,
        u1_0.username 
    from
        users u1_0 
    where
        u1_0.email=?

MockHttpServletRequest:
      HTTP Method = POST
      Request URI = /api/users/register
       Parameters = {_csrf=[JAa7liOJWViZ-H3kjSE_-R7JddKL8UFRCBRhx-gujNWJ0gbGQmKJ9RK8aG60yB_VuwwLyS2sWLC9wXl8bHdRpNtL7uO96mCi]}
          Headers = [Content-Type:"application/json;charset=UTF-8", Content-Length:"156"]
             Body = {"username":"noname","email":"noname@example.com","password":"password123","firstName":"No","lastName":null,"avatar":null,"phoneNumber":null,"address":null}
    Session Attrs = {}

Handler:
             Type = com.ecommerce.userservice.controller.UserController
           Method = com.ecommerce.userservice.controller.UserController#registerUser(UserRegistrationDTO)

Async:
    Async started = false
     Async result = null

Resolved Exception:
             Type = null

ModelAndView:
        View name = null
             View = null
            Model = null

FlashMap:
       Attributes = null

MockHttpServletResponse:
           Status = 201
    Error message = null
          Headers = [Vary:"Origin", "Access-Control-Request-Method", "Access-Control-Request-Headers", Content-Type:"application/json", X-Content-Type-Options:"nosniff", X-XSS-Protection:"0", Cache-Control:"no-cache, no-store, max-age=0, must-revalidate", Pragma:"no-cache", Expires:"0", X-Frame-Options:"DENY"]
     Content type = application/json
             Body = {"success":true,"message":"User registered successfully","user":{"id":37,"username":"noname","email":"noname@example.com","firstName":"No","lastName":null,"role":"CUSTOMER","status":"ACTIVE","avatar":null,"phoneNumber":null,"address":null,"createdAt":"2025-10-09T13:39:47.5689077","updatedAt":"2025-10-09T13:39:47.5689077","lastLogin":null,"fullName":"No null"}}
    Forwarded URL = null
   Redirected URL = null
          Cookies = []
]]></system-out>
  </testcase>
</testsuite>